# JRE version: OpenJDK Runtime Environment (14.0.2+12) (build 14.0.2+12-Ubuntu-120.04)
# Java VM: OpenJDK 64-Bit Server VM (14.0.2+12-Ubuntu-120.04, mixed mode, sharing, tiered, compressed oops, g1 gc, linux-amd64)
Heap:
 garbage-first heap   total 262144K, used 202864K [0x00000000e0000000, 0x0000000100000000)
  region size 1024K, 149 young (152576K), 17 survivors (17408K)
 Metaspace       used 52802K, capacity 54728K, committed 54904K, reserved 301056K
  class space    used 7325K, capacity 7964K, committed 8064K, reserved 253952K
GC Heap History (17 events):
Event: 1,215 GC heap before
{Heap before GC invocations=0 (full 0):
 garbage-first heap   total 264192K, used 16196K [0x00000000e0000000, 0x0000000100000000)
  region size 1024K, 12 young (12288K), 0 survivors (0K)
 Metaspace       used 1094K, capacity 4891K, committed 5120K, reserved 262144K
  class space    used 96K, capacity 480K, committed 512K, reserved 253952K
}
Event: 1,222 GC heap after
{Heap after GC invocations=1 (full 0):
 garbage-first heap   total 264192K, used 3924K [0x00000000e0000000, 0x0000000100000000)
  region size 1024K, 2 young (2048K), 2 survivors (2048K)
 Metaspace       used 1094K, capacity 4891K, committed 5120K, reserved 262144K
  class space    used 96K, capacity 480K, committed 512K, reserved 253952K
}
Event: 1,835 GC heap before
{Heap before GC invocations=1 (full 0):
 garbage-first heap   total 264192K, used 17236K [0x00000000e0000000, 0x0000000100000000)
  region size 1024K, 12 young (12288K), 2 survivors (2048K)
 Metaspace       used 3253K, capacity 6203K, committed 6400K, reserved 262144K
  class space    used 430K, capacity 709K, committed 768K, reserved 253952K
}
Event: 1,840 GC heap after
{Heap after GC invocations=2 (full 0):
 garbage-first heap   total 264192K, used 9830K [0x00000000e0000000, 0x0000000100000000)
  region size 1024K, 2 young (2048K), 2 survivors (2048K)
 Metaspace       used 3253K, capacity 6203K, committed 6400K, reserved 262144K
  class space    used 430K, capacity 709K, committed 768K, reserved 253952K
}
Event: 2,197 GC heap before
{Heap before GC invocations=2 (full 0):
 garbage-first heap   total 264192K, used 21094K [0x00000000e0000000, 0x0000000100000000)
  region size 1024K, 13 young (13312K), 2 survivors (2048K)
 Metaspace       used 4186K, capacity 6838K, committed 7040K, reserved 262144K
  class space    used 541K, capacity 814K, committed 896K, reserved 253952K
}
Event: 2,204 GC heap after
{Heap after GC invocations=3 (full 0):
 garbage-first heap   total 264192K, used 10352K [0x00000000e0000000, 0x0000000100000000)
  region size 1024K, 1 young (1024K), 1 survivors (1024K)
 Metaspace       used 4186K, capacity 6838K, committed 7040K, reserved 262144K
  class space    used 541K, capacity 814K, committed 896K, reserved 253952K
}
Event: 2,637 GC heap before
{Heap before GC invocations=3 (full 0):
 garbage-first heap   total 264192K, used 31856K [0x00000000e0000000, 0x0000000100000000)
  region size 1024K, 22 young (22528K), 1 survivors (1024K)
 Metaspace       used 4383K, capacity 6839K, committed 7040K, reserved 262144K
  class space    used 543K, capacity 814K, committed 896K, reserved 253952K
}
Event: 2,651 GC heap after
{Heap after GC invocations=4 (full 0):
 garbage-first heap   total 264192K, used 14558K [0x00000000e0000000, 0x0000000100000000)
  region size 1024K, 3 young (3072K), 3 survivors (3072K)
 Metaspace       used 4383K, capacity 6839K, committed 7040K, reserved 262144K
  class space    used 543K, capacity 814K, committed 896K, reserved 253952K
}
Event: 12,130 GC heap before
{Heap before GC invocations=4 (full 0):
 garbage-first heap   total 264192K, used 165086K [0x00000000e0000000, 0x0000000100000000)
  region size 1024K, 143 young (146432K), 3 survivors (3072K)
 Metaspace       used 20223K, capacity 21088K, committed 21248K, reserved 272384K
  class space    used 3027K, capacity 3306K, committed 3328K, reserved 253952K
}
Event: 12,154 GC heap after
{Heap after GC invocations=5 (full 0):
 garbage-first heap   total 264192K, used 32094K [0x00000000e0000000, 0x0000000100000000)
  region size 1024K, 12 young (12288K), 12 survivors (12288K)
 Metaspace       used 20223K, capacity 21088K, committed 21248K, reserved 272384K
  class space    used 3027K, capacity 3306K, committed 3328K, reserved 253952K
}
Event: 18,076 GC heap before
{Heap before GC invocations=6 (full 0):
 garbage-first heap   total 262144K, used 162142K [0x00000000e0000000, 0x0000000100000000)
  region size 1024K, 132 young (135168K), 12 survivors (12288K)
 Metaspace       used 33803K, capacity 34916K, committed 35072K, reserved 284672K
  class space    used 4697K, capacity 5067K, committed 5120K, reserved 253952K
}
Event: 18,108 GC heap after
{Heap after GC invocations=7 (full 0):
 garbage-first heap   total 262144K, used 46107K [0x00000000e0000000, 0x0000000100000000)
  region size 1024K, 17 young (17408K), 17 survivors (17408K)
 Metaspace       used 33803K, capacity 34916K, committed 35072K, reserved 284672K
  class space    used 4697K, capacity 5067K, committed 5120K, reserved 253952K
}
Event: 18,564 GC heap before
{Heap before GC invocations=7 (full 0):
 garbage-first heap   total 262144K, used 56347K [0x00000000e0000000, 0x0000000100000000)
  region size 1024K, 28 young (28672K), 17 survivors (17408K)
 Metaspace       used 34353K, capacity 35490K, committed 35584K, reserved 284672K
  class space    used 4756K, capacity 5110K, committed 5120K, reserved 253952K
}
Event: 18,621 GC heap after
{Heap after GC invocations=8 (full 0):
 garbage-first heap   total 262144K, used 47728K [0x00000000e0000000, 0x0000000100000000)
  region size 1024K, 2 young (2048K), 2 survivors (2048K)
 Metaspace       used 34353K, capacity 35490K, committed 35584K, reserved 284672K
  class space    used 4756K, capacity 5110K, committed 5120K, reserved 253952K
}
Event: 23,103 GC heap before
{Heap before GC invocations=9 (full 0):
 garbage-first heap   total 262144K, used 188016K [0x00000000e0000000, 0x0000000100000000)
  region size 1024K, 134 young (137216K), 2 survivors (2048K)
 Metaspace       used 45043K, capacity 46460K, committed 46712K, reserved 294912K
  class space    used 6205K, capacity 6675K, committed 6784K, reserved 253952K
}
Event: 23,121 GC heap after
{Heap after GC invocations=10 (full 0):
 garbage-first heap   total 262144K, used 58480K [0x00000000e0000000, 0x0000000100000000)
  region size 1024K, 8 young (8192K), 8 survivors (8192K)
 Metaspace       used 45043K, capacity 46460K, committed 46712K, reserved 294912K
  class space    used 6205K, capacity 6675K, committed 6784K, reserved 253952K
}
Event: 27,965 GC heap before
{Heap before GC invocations=10 (full 0):
 garbage-first heap   total 262144K, used 201840K [0x00000000e0000000, 0x0000000100000000)
  region size 1024K, 140 young (143360K), 8 survivors (8192K)
 Metaspace       used 52802K, capacity 54728K, committed 54904K, reserved 301056K
  class space    used 7325K, capacity 7964K, committed 8064K, reserved 253952K
}

